# JRE version: OpenJDK Runtime Environment (11.0.11+9) (build 11.0.11+9-b60-7590822)
# Java VM: OpenJDK 64-Bit Server VM (11.0.11+9-b60-7590822, mixed mode, tiered, compressed oops, g1 gc, windows-amd64)
Heap:
 garbage-first heap   total 275456K, used 195009K [0x0000000080000000, 0x0000000100000000)
  region size 1024K, 64 young (65536K), 2 survivors (2048K)
 Metaspace       used 118220K, capacity 121170K, committed 121548K, reserved 1155072K
  class space    used 14803K, capacity 15940K, committed 16076K, reserved 1048576K
GC Heap History (20 events):
Event: 92.239 GC heap before
{Heap before GC invocations=56 (full 0):
 garbage-first heap   total 275456K, used 220807K [0x0000000080000000, 0x0000000100000000)
  region size 1024K, 88 young (90112K), 9 survivors (9216K)
 Metaspace       used 117586K, capacity 120627K, committed 120652K, reserved 1155072K
  class space    used 14781K, capacity 15929K, committed 15948K, reserved 1048576K
}
Event: 92.534 GC heap after
{Heap after GC invocations=57 (full 0):
 garbage-first heap   total 275456K, used 145168K [0x0000000080000000, 0x0000000100000000)
  region size 1024K, 6 young (6144K), 6 survivors (6144K)
 Metaspace       used 117586K, capacity 120627K, committed 120652K, reserved 1155072K
  class space    used 14781K, capacity 15929K, committed 15948K, reserved 1048576K
}
Event: 95.053 GC heap before
{Heap before GC invocations=58 (full 0):
 garbage-first heap   total 275456K, used 224016K [0x0000000080000000, 0x0000000100000000)
  region size 1024K, 83 young (84992K), 6 survivors (6144K)
 Metaspace       used 117698K, capacity 120664K, committed 121036K, reserved 1155072K
  class space    used 14752K, capacity 15883K, committed 16076K, reserved 1048576K
}
Event: 95.068 GC heap after
{Heap after GC invocations=59 (full 0):
 garbage-first heap   total 275456K, used 144704K [0x0000000080000000, 0x0000000100000000)
  region size 1024K, 6 young (6144K), 6 survivors (6144K)
 Metaspace       used 117698K, capacity 120664K, committed 121036K, reserved 1155072K
  class space    used 14752K, capacity 15883K, committed 16076K, reserved 1048576K
}
Event: 95.168 GC heap before
{Heap before GC invocations=59 (full 0):
 garbage-first heap   total 275456K, used 151872K [0x0000000080000000, 0x0000000100000000)
  region size 1024K, 13 young (13312K), 6 survivors (6144K)
 Metaspace       used 117744K, capacity 120728K, committed 121036K, reserved 1155072K
  class space    used 14758K, capacity 15883K, committed 16076K, reserved 1048576K
}
Event: 95.183 GC heap after
{Heap after GC invocations=60 (full 0):
 garbage-first heap   total 275456K, used 132611K [0x0000000080000000, 0x0000000100000000)
  region size 1024K, 2 young (2048K), 2 survivors (2048K)
 Metaspace       used 117744K, capacity 120728K, committed 121036K, reserved 1155072K
  class space    used 14758K, capacity 15883K, committed 16076K, reserved 1048576K
}
Event: 97.806 GC heap before
{Heap before GC invocations=60 (full 0):
 garbage-first heap   total 275456K, used 220675K [0x0000000080000000, 0x0000000100000000)
  region size 1024K, 88 young (90112K), 2 survivors (2048K)
 Metaspace       used 117826K, capacity 120758K, committed 121036K, reserved 1155072K
  class space    used 14764K, capacity 15893K, committed 16076K, reserved 1048576K
}
Event: 97.920 GC heap after
{Heap after GC invocations=61 (full 0):
 garbage-first heap   total 275456K, used 132607K [0x0000000080000000, 0x0000000100000000)
  region size 1024K, 2 young (2048K), 2 survivors (2048K)
 Metaspace       used 117826K, capacity 120758K, committed 121036K, reserved 1155072K
  class space    used 14764K, capacity 15893K, committed 16076K, reserved 1048576K
}
Event: 99.239 GC heap before
{Heap before GC invocations=62 (full 0):
 garbage-first heap   total 275456K, used 223743K [0x0000000080000000, 0x0000000100000000)
  region size 1024K, 91 young (93184K), 2 survivors (2048K)
 Metaspace       used 118088K, capacity 121092K, committed 121292K, reserved 1155072K
  class space    used 14800K, capacity 15939K, committed 16076K, reserved 1048576K
}
Event: 99.248 GC heap after
{Heap after GC invocations=63 (full 0):
 garbage-first heap   total 275456K, used 132739K [0x0000000080000000, 0x0000000100000000)
  region size 1024K, 2 young (2048K), 2 survivors (2048K)
 Metaspace       used 118088K, capacity 121092K, committed 121292K, reserved 1155072K
  class space    used 14800K, capacity 15939K, committed 16076K, reserved 1048576K
}
Event: 99.330 GC heap before
{Heap before GC invocations=63 (full 0):
 garbage-first heap   total 275456K, used 144003K [0x0000000080000000, 0x0000000100000000)
  region size 1024K, 13 young (13312K), 2 survivors (2048K)
 Metaspace       used 118090K, capacity 121092K, committed 121292K, reserved 1155072K
  class space    used 14800K, capacity 15939K, committed 16076K, reserved 1048576K
}
Event: 99.336 GC heap after
{Heap after GC invocations=64 (full 0):
 garbage-first heap   total 275456K, used 132452K [0x0000000080000000, 0x0000000100000000)
  region size 1024K, 2 young (2048K), 2 survivors (2048K)
 Metaspace       used 118090K, capacity 121092K, committed 121292K, reserved 1155072K
  class space    used 14800K, capacity 15939K, committed 16076K, reserved 1048576K
}
Event: 100.743 GC heap before
{Heap before GC invocations=64 (full 0):
 garbage-first heap   total 275456K, used 226660K [0x0000000080000000, 0x0000000100000000)
  region size 1024K, 94 young (96256K), 2 survivors (2048K)
 Metaspace       used 118155K, capacity 121101K, committed 121292K, reserved 1155072K
  class space    used 14800K, capacity 15939K, committed 16076K, reserved 1048576K
}
Event: 100.756 GC heap after
{Heap after GC invocations=65 (full 0):
 garbage-first heap   total 275456K, used 132518K [0x0000000080000000, 0x0000000100000000)
  region size 1024K, 2 young (2048K), 2 survivors (2048K)
 Metaspace       used 118155K, capacity 121101K, committed 121292K, reserved 1155072K
  class space    used 14800K, capacity 15939K, committed 16076K, reserved 1048576K
}
Event: 101.289 GC heap before
{Heap before GC invocations=65 (full 0):
 garbage-first heap   total 275456K, used 229798K [0x0000000080000000, 0x0000000100000000)
  region size 1024K, 97 young (99328K), 2 survivors (2048K)
 Metaspace       used 118190K, capacity 121170K, committed 121548K, reserved 1155072K
  class space    used 14803K, capacity 15940K, committed 16076K, reserved 1048576K
}
Event: 101.301 GC heap after
{Heap after GC invocations=66 (full 0):
 garbage-first heap   total 275456K, used 132927K [0x0000000080000000, 0x0000000100000000)
  region size 1024K, 2 young (2048K), 2 survivors (2048K)
 Metaspace       used 118190K, capacity 121170K, committed 121548K, reserved 1155072K
  class space    used 14803K, capacity 15940K, committed 16076K, reserved 1048576K
}
Event: 101.753 GC heap before
{Heap before GC invocations=67 (full 0):
 garbage-first heap   total 275456K, used 232255K [0x0000000080000000, 0x0000000100000000)
  region size 1024K, 99 young (101376K), 2 survivors (2048K)
 Metaspace       used 118211K, capacity 121170K, committed 121548K, reserved 1155072K
  class space    used 14803K, capacity 15940K, committed 16076K, reserved 1048576K
}
Event: 101.773 GC heap after
{Heap after GC invocations=68 (full 0):
 garbage-first heap   total 275456K, used 133738K [0x0000000080000000, 0x0000000100000000)
  region size 1024K, 3 young (3072K), 3 survivors (3072K)
 Metaspace       used 118211K, capacity 121170K, committed 121548K, reserved 1155072K
  class space    used 14803K, capacity 15940K, committed 16076K, reserved 1048576K
}
Event: 101.843 GC heap before
{Heap before GC invocations=68 (full 0):
 garbage-first heap   total 275456K, used 143978K [0x0000000080000000, 0x0000000100000000)
  region size 1024K, 13 young (13312K), 3 survivors (3072K)
 Metaspace       used 118211K, capacity 121170K, committed 121548K, reserved 1155072K
  class space    used 14803K, capacity 15940K, committed 16076K, reserved 1048576K
}
Event: 101.874 GC heap after
{Heap after GC invocations=69 (full 0):
 garbage-first heap   total 275456K, used 132545K [0x0000000080000000, 0x0000000100000000)
  region size 1024K, 2 young (2048K), 2 survivors (2048K)
 Metaspace       used 118211K, capacity 121170K, committed 121548K, reserved 1155072K
  class space    used 14803K, capacity 15940K, committed 16076K, reserved 1048576K
}

